<?xml version="1.0" encoding="UTF-8"?>
<!-- Generated by org.testng.reporters.JUnitReportReporter -->
<testsuite hostname="LAPTOP-SG2E4FAF" failures="0" tests="1" name="com.TestLayer.HelloGIt" time="0.010" errors="0" timestamp="2022-11-24T15:26:30 IST" skipped="0">
  <testcase classname="com.TestLayer.HelloGIt" name="demo" time="0.010"/>
  <system-out/>
</testsuite> <!-- com.TestLayer.HelloGIt -->
